<?xml version="1.0" encoding="UTF-8"?>
<!-- Generated by org.testng.reporters.JUnitReportReporter -->
<testsuite hostname="DESKTOP-58228H6" failures="0" tests="2" name="com.pratice.test2.CreateCustomer" time="240.189" errors="0" timestamp="2024-06-18T13:00:58 IST" skipped="0">
  <testcase classname="com.pratice.test2.CreateCustomer" name="createCustomer" time="136.968"/>
  <system-out/>
  <testcase classname="com.pratice.test2.CreateCustomer" name="createCustomer" time="103.221"/>
  <system-out/>
</testsuite> <!-- com.pratice.test2.CreateCustomer -->
