<?xml version="1.0" encoding="UTF-8"?>
<!-- Generated by org.testng.reporters.JUnitReportReporter -->
<testsuite hostname="DESKTOP-58228H6" failures="0" tests="1" name="com.pratice.test.Assertion" time="106.979" errors="0" timestamp="2024-06-17T11:46:55 IST" skipped="0">
  <testcase classname="com.pratice.test.Assertion" name="TestVerifyTitle" time="106.979"/>
  <system-out/>
</testsuite> <!-- com.pratice.test.Assertion -->
