<?xml version="1.0" encoding="UTF-8"?>
<!-- Generated by org.testng.reporters.JUnitReportReporter -->
<testsuite hostname="DESKTOP-58228H6" failures="0" tests="1" name="test.TestngDemo" time="0.002" errors="0" timestamp="2024-06-17T11:46:55 IST" skipped="0">
  <testcase classname="test.TestngDemo" name="TestDemo" time="0.002"/>
  <system-out>
    <![CDATA[Welcome to Testng]]>
  </system-out>
</testsuite> <!-- test.TestngDemo -->
