<?xml version="1.0" encoding="UTF-8"?>
<!-- Generated by org.testng.reporters.JUnitReportReporter -->
<testsuite hostname="DESKTOP-58228H6" failures="0" tests="1" name="com.pratice.test2.DeleteCustomer" time="145.935" errors="0" timestamp="2024-06-17T22:25:11 IST" skipped="0">
  <testcase classname="com.pratice.test2.DeleteCustomer" name="deleteCustomer" time="145.935"/>
  <system-out/>
</testsuite> <!-- com.pratice.test2.DeleteCustomer -->
