<?xml version="1.0" encoding="UTF-8"?>
<!-- Generated by org.testng.reporters.JUnitReportReporter -->
<testsuite hostname="DESKTOP-58228H6" failures="0" tests="3" name="com.pratice.test.Demo" time="0.011" errors="0" timestamp="2024-06-17T11:46:55 IST" skipped="0">
  <testcase classname="com.pratice.test.Demo" name="CreateCustomer" time="0.007"/>
  <system-out>
    <![CDATA[Create Customer]]>
  </system-out>
  <testcase classname="com.pratice.test.Demo" name="ModifyCustomer" time="0.002"/>
  <system-out>
    <![CDATA[Modify Customer]]>
  </system-out>
  <testcase classname="com.pratice.test.Demo" name="DeleteCustomer" time="0.002"/>
  <system-out>
    <![CDATA[Delete Customer]]>
  </system-out>
</testsuite> <!-- com.pratice.test.Demo -->
