<?xml version="1.0" encoding="UTF-8"?>
<!-- Generated by org.testng.reporters.JUnitReportReporter -->
<testsuite hostname="DESKTOP-58228H6" failures="0" tests="2" name="com.pratice.test2.ModifyCustomer" time="51.330" errors="0" timestamp="2024-06-17T22:25:11 IST" skipped="0">
  <testcase classname="com.pratice.test2.ModifyCustomer" name="modifyCustomer2" time="0.005"/>
  <system-out>
    <![CDATA[Double Modify Customer]]>
  </system-out>
  <testcase classname="com.pratice.test2.ModifyCustomer" name="modifyCustomer" time="51.325"/>
  <system-out/>
</testsuite> <!-- com.pratice.test2.ModifyCustomer -->
